This file contains any messages produced by compilers while
running configure, to aid debugging if configure makes a mistake.

It was created by ghmm configure 0.9-rc3, which was
generated by GNU Autoconf 2.69.  Invocation command line was

  $ ./configure ghmm

## --------- ##
## Platform. ##
## --------- ##

hostname = Muhammad-Shah
uname -m = x86_64
uname -r = 14.5.0
uname -s = Darwin
uname -v = Darwin Kernel Version 14.5.0: Mon Jan 11 18:48:35 PST 2016; root:xnu-2782.50.2~1/RELEASE_X86_64

/usr/bin/uname -p = i386
/bin/uname -X     = unknown

/bin/arch              = unknown
/usr/bin/arch -k       = unknown
/usr/convex/getsysinfo = unknown
/usr/bin/hostinfo      = Mach kernel version:
	 Darwin Kernel Version 14.5.0: Mon Jan 11 18:48:35 PST 2016; root:xnu-2782.50.2~1/RELEASE_X86_64
Kernel configured for up to 8 processors.
4 processors are physically available.
8 processors are logically available.
Processor type: x86_64h (Intel x86-64h Haswell)
Processors active: 0 1 2 3 4 5 6 7
Primary memory available: 16.00 gigabytes
Default processor set: 287 tasks, 1735 threads, 8 processors
Load average: 1.85, Mach factor: 6.14
/bin/machine           = unknown
/usr/bin/oslevel       = unknown
/bin/universe          = unknown

PATH: /opt/local/bin
PATH: /opt/local/sbin
PATH: /usr/local/bin
PATH: /usr/bin
PATH: /bin
PATH: /usr/sbin
PATH: /sbin
PATH: /opt/X11/bin
PATH: /Library/TeX/texbin


## ----------- ##
## Core tests. ##
## ----------- ##

configure:2267: checking for a BSD-compatible install
configure:2335: result: /usr/bin/install -c
configure:2346: checking whether build environment is sane
configure:2401: result: yes
configure:2552: checking for a thread-safe mkdir -p
configure:2591: result: ./install-sh -c -d
configure:2598: checking for gawk
configure:2628: result: no
configure:2598: checking for mawk
configure:2628: result: no
configure:2598: checking for nawk
configure:2628: result: no
configure:2598: checking for awk
configure:2614: found /usr/bin/awk
configure:2625: result: awk
configure:2636: checking whether make sets $(MAKE)
configure:2658: result: yes
configure:2687: checking whether make supports nested variables
configure:2704: result: yes
configure:2832: checking for CFLAGS
configure:2839: result: -O2
configure:2854: checking for ghmm-gcc
configure:2884: result: no
configure:2894: checking for gcc
configure:2910: found /usr/bin/gcc
configure:2921: result: gcc
configure:3150: checking for C compiler version
configure:3159: gcc --version >&5
Apple LLVM version 7.0.2 (clang-700.1.81)
Target: x86_64-apple-darwin14.5.0
Thread model: posix
Configured with: --prefix=/Library/Developer/CommandLineTools/usr --with-gxx-include-dir=/usr/include/c++/4.2.1
configure:3170: $? = 0
configure:3159: gcc -v >&5
Configured with: --prefix=/Library/Developer/CommandLineTools/usr --with-gxx-include-dir=/usr/include/c++/4.2.1
Apple LLVM version 7.0.2 (clang-700.1.81)
Target: x86_64-apple-darwin14.5.0
Thread model: posix
configure:3170: $? = 0
configure:3159: gcc -V >&5
clang: error: argument to '-V' is missing (expected 1 value)
clang: error: no input files
configure:3170: $? = 1
configure:3159: gcc -qversion >&5
clang: error: unknown argument: '-qversion'
clang: error: no input files
configure:3170: $? = 1
configure:3190: checking whether the C compiler works
configure:3212: gcc -O2   conftest.c  >&5
configure:3216: $? = 0
configure:3264: result: yes
configure:3267: checking for C compiler default output file name
configure:3269: result: a.out
configure:3275: checking for suffix of executables
configure:3282: gcc -o conftest -O2   conftest.c  >&5
configure:3286: $? = 0
configure:3308: result: 
configure:3330: checking whether we are cross compiling
configure:3338: gcc -o conftest -O2   conftest.c  >&5
configure:3342: $? = 0
configure:3349: ./conftest
configure:3353: $? = 0
configure:3368: result: no
configure:3373: checking for suffix of object files
configure:3395: gcc -c -O2  conftest.c >&5
configure:3399: $? = 0
configure:3420: result: o
configure:3424: checking whether we are using the GNU C compiler
configure:3443: gcc -c -O2  conftest.c >&5
configure:3443: $? = 0
configure:3452: result: yes
configure:3461: checking whether gcc accepts -g
configure:3481: gcc -c -g  conftest.c >&5
configure:3481: $? = 0
configure:3522: result: yes
configure:3539: checking for gcc option to accept ISO C89
configure:3602: gcc  -c -O2  conftest.c >&5
configure:3602: $? = 0
configure:3615: result: none needed
configure:3640: checking whether gcc understands -c and -o together
configure:3662: gcc -c conftest.c -o conftest2.o
configure:3665: $? = 0
configure:3662: gcc -c conftest.c -o conftest2.o
configure:3665: $? = 0
configure:3677: result: yes
configure:3705: checking for style of include used by make
configure:3733: result: GNU
configure:3759: checking dependency style of gcc
configure:3870: result: gcc3
configure:3914: checking build system type
configure:3925: error: /bin/sh ./config.sub ghmm failed

## ---------------- ##
## Cache variables. ##
## ---------------- ##

ac_cv_build=
ac_cv_c_compiler_gnu=yes
ac_cv_cflags=-O2
ac_cv_env_CC_set=
ac_cv_env_CC_value=
ac_cv_env_CFLAGS_set=
ac_cv_env_CFLAGS_value=
ac_cv_env_CPPFLAGS_set=
ac_cv_env_CPPFLAGS_value=
ac_cv_env_CPP_set=
ac_cv_env_CPP_value=
ac_cv_env_LDFLAGS_set=
ac_cv_env_LDFLAGS_value=
ac_cv_env_LIBS_set=
ac_cv_env_LIBS_value=
ac_cv_env_LT_SYS_LIBRARY_PATH_set=
ac_cv_env_LT_SYS_LIBRARY_PATH_value=
ac_cv_env_build_alias_set=set
ac_cv_env_build_alias_value=ghmm
ac_cv_env_host_alias_set=set
ac_cv_env_host_alias_value=ghmm
ac_cv_env_target_alias_set=set
ac_cv_env_target_alias_value=ghmm
ac_cv_objext=o
ac_cv_path_install='/usr/bin/install -c'
ac_cv_prog_AWK=awk
ac_cv_prog_ac_ct_CC=gcc
ac_cv_prog_cc_c89=
ac_cv_prog_cc_g=yes
ac_cv_prog_make_make_set=yes
am_cv_CC_dependencies_compiler_type=gcc3
am_cv_make_support_nested_variables=yes
am_cv_prog_cc_c_o=yes

## ----------------- ##
## Output variables. ##
## ----------------- ##

ACLOCAL='${SHELL} /Users/Ahmed/Downloads/QSIURP2016/ghmm/missing aclocal-1.15'
AMDEPBACKSLASH='\'
AMDEP_FALSE='#'
AMDEP_TRUE=''
AMTAR='$${TAR-tar}'
AM_BACKSLASH='\'
AM_DEFAULT_V='$(AM_DEFAULT_VERBOSITY)'
AM_DEFAULT_VERBOSITY='1'
AM_V='$(V)'
AR=''
AUTOCONF='${SHELL} /Users/Ahmed/Downloads/QSIURP2016/ghmm/missing autoconf'
AUTOHEADER='${SHELL} /Users/Ahmed/Downloads/QSIURP2016/ghmm/missing autoheader'
AUTOMAKE='${SHELL} /Users/Ahmed/Downloads/QSIURP2016/ghmm/missing automake-1.15'
AWK='awk'
CC='gcc'
CCDEPMODE='depmode=gcc3'
CFLAGS='-O2'
CPP=''
CPPFLAGS=''
CYGPATH_W='echo'
DEFS=''
DEPDIR='.deps'
DLLTOOL=''
DOXYGEN=''
DSYMUTIL=''
DUMPBIN=''
ECHO_C='\c'
ECHO_N=''
ECHO_T=''
EGREP=''
EXEEXT=''
EXPECT_FOR_DEJAGNU=''
FGREP=''
GHMM_OBSOLETE=''
GHMM_RNG_BSD=''
GHMM_RNG_GSL=''
GHMM_RNG_MERSENNE_TWISTER=''
GHMM_UNSUPPORTED=''
GREP=''
GSL_CFLAGS=''
GSL_CONFIG=''
GSL_LIBS=''
INSTALL_DATA='${INSTALL} -m 644'
INSTALL_PROGRAM='${INSTALL}'
INSTALL_SCRIPT='${INSTALL}'
INSTALL_STRIP_PROGRAM='$(install_sh) -c -s'
LD=''
LDFLAGS=''
LIBOBJS=''
LIBS=''
LIBTOOL=''
LIPO=''
LN_S=''
LTLIBOBJS=''
LT_SYS_LIBRARY_PATH=''
MAKEINFO='${SHELL} /Users/Ahmed/Downloads/QSIURP2016/ghmm/missing makeinfo'
MANIFEST_TOOL=''
MKDIR_P='./install-sh -c -d'
NM=''
NMEDIT=''
OBJDUMP=''
OBJEXT='o'
OBSOLETE_TOOLS=''
OTOOL64=''
OTOOL=''
PACKAGE='ghmm'
PACKAGE_BUGREPORT=''
PACKAGE_NAME='ghmm'
PACKAGE_STRING='ghmm 0.9-rc3'
PACKAGE_TARNAME='ghmm'
PACKAGE_URL=''
PACKAGE_VERSION='0.9-rc3'
PATH_SEPARATOR=':'
PKGCONFIG=''
PYTHON=''
PYTHONVER=''
RANLIB=''
RM=''
RUNTEST_FOR_DEJAGNU=''
SED=''
SET_MAKE=''
SHELL='/bin/sh'
STRIP=''
SUBDIRS=''
VERSION='0.9-rc3'
ac_ct_AR=''
ac_ct_CC='gcc'
ac_ct_DUMPBIN=''
am__EXEEXT_FALSE=''
am__EXEEXT_TRUE=''
am__fastdepCC_FALSE='#'
am__fastdepCC_TRUE=''
am__include='include'
am__isrc=''
am__leading_dot='.'
am__nodep='_no'
am__quote=''
am__tar='$${TAR-tar} chof - "$$tardir"'
am__untar='$${TAR-tar} xf -'
bindir='${exec_prefix}/bin'
build='ghmm'
build_alias='ghmm'
build_cpu=''
build_os=''
build_vendor=''
datadir='${datarootdir}'
datarootdir='${prefix}/share'
docdir='${datarootdir}/doc/${PACKAGE_TARNAME}'
dvidir='${docdir}'
exec_prefix='NONE'
host='ghmm'
host_alias='ghmm'
host_cpu=''
host_os=''
host_vendor=''
htmldir='${docdir}'
includedir='${prefix}/include'
infodir='${datarootdir}/info'
install_sh='${SHELL} /Users/Ahmed/Downloads/QSIURP2016/ghmm/install-sh'
libdir='${exec_prefix}/lib'
libexecdir='${exec_prefix}/libexec'
localedir='${datarootdir}/locale'
localstatedir='${prefix}/var'
mandir='${datarootdir}/man'
mkdir_p='$(MKDIR_P)'
oldincludedir='/usr/include'
pdfdir='${docdir}'
prefix='NONE'
program_transform_name='s,x,x,'
psdir='${docdir}'
sbindir='${exec_prefix}/sbin'
sharedstatedir='${prefix}/com'
sysconfdir='${prefix}/etc'
target_alias='ghmm'

## ----------- ##
## confdefs.h. ##
## ----------- ##

/* confdefs.h */
#define PACKAGE_NAME "ghmm"
#define PACKAGE_TARNAME "ghmm"
#define PACKAGE_VERSION "0.9-rc3"
#define PACKAGE_STRING "ghmm 0.9-rc3"
#define PACKAGE_BUGREPORT ""
#define PACKAGE_URL ""
#define PACKAGE "ghmm"
#define VERSION "0.9-rc3"

configure: exit 1
